0 info it worked if it ends with ok
1 verbose cli [ 'C:\\Program Files\\nodejs\\node.exe',
1 verbose cli   'C:\\Program Files\\nodejs\\node_modules\\npm\\bin\\npm-cli.js',
1 verbose cli   'run',
1 verbose cli   'dev' ]
2 info using npm@3.10.10
3 info using node@v6.9.4
4 verbose run-script [ 'predev', 'dev', 'postdev' ]
5 info lifecycle something@0.0.1~predev: something@0.0.1
6 silly lifecycle something@0.0.1~predev: no script for predev, continuing
7 info lifecycle something@0.0.1~dev: something@0.0.1
8 verbose lifecycle something@0.0.1~dev: unsafe-perm in lifecycle true
9 verbose lifecycle something@0.0.1~dev: PATH: C:\Users\user\AppData\Roaming\nvm\v6.9.4\node_modules\npm\bin\node-gyp-bin;c:\Projects\stream\node_modules\.bin;C:\Users\user\Desktop\cmder\bin;C:\Program Files (x86)\Git\bin;C:\Program Files (x86)\Git\usr\bin;C:\Program Files (x86)\Git\share\vim\vim74;C:\Users\user\Desktop\cmder\vendor\conemu-maximus5\ConEmu\Scripts;C:\Users\user\Desktop\cmder\vendor\conemu-maximus5;C:\Users\user\Desktop\cmder\vendor\conemu-maximus5\ConEmu;C:\WINDOWS\system32;C:\WINDOWS;C:\WINDOWS\System32\Wbem;C:\WINDOWS\System32\WindowsPowerShell\v1.0\;C:\Program Files (x86)\ATI Technologies\ATI.ACE\Core-Static;C:\Program Files\Microsoft SQL Server\110\Tools\Binn\;C:\Program Files (x86)\Microsoft SQL Server\110\Tools\Binn\;C:\Program Files (x86)\Microsoft SQL Server\110\DTS\Binn\;C:\Program Files (x86)\Microsoft SQL Server\110\Tools\Binn\ManagementStudio\;C:\Program Files\Idera\SQL virtual database\;C:\Program Files\Microsoft SQL Server\Client SDK\ODBC\110\Tools\Binn\;C:\Program Files (x86)\Microsoft SQL Server\120\Tools\Binn\;C:\Program Files\Microsoft SQL Server\120\Tools\Binn\;C:\Program Files\Microsoft SQL Server\120\DTS\Binn\;C:\Program Files (x86)\Microsoft ASP.NET\ASP.NET Web Pages\v1.0\;C:\Program Files (x86)\Windows Kits\8.0\Windows Performance Toolkit\;C:\Program Files\Microsoft\Web Platform Installer\;C:\php;C:\ProgramData\ComposerSetup\bin;C:\Ruby193\bin;C:\Program Files (x86)\Bitvise SSH Client;C:\Program Files (x86)\Windows Live\Shared;C:\Program Files (x86)\Skype\Phone\;C:\Users\user\AppData\Roaming\nvm;C:\Program Files\nodejs;C:\Program Files\Amazon\AWSCLI\;C:\Program Files\MySQL\MySQL Utilities 1.6\;C:\Program Files (x86)\Brackets\command;C:\HashiCorp\Vagrant\bin;C:\Ruby193\bin;C:\Program Files (x86)\Google\google_appengine\;C:\Users\user\AppData\Roaming\npm;C:\Users\user\AppData\Roaming\nvm;C:\Program Files\nodejs;C:\Users\user\AppData\Local\.meteor\;C:\Users\user\AppData\Local\Microsoft\WindowsApps;;C:\Users\user\AppData\Local\.meteor\;C:\Users\user\Desktop\cmder
10 verbose lifecycle something@0.0.1~dev: CWD: c:\Projects\stream
11 silly lifecycle something@0.0.1~dev: Args: [ '/d /s /c', 'webpack-dev-server --hot' ]
12 verbose stack Error: kill ENOSYS
12 verbose stack     at exports._errnoException (util.js:1022:11)
12 verbose stack     at process.kill (internal/process.js:172:13)
12 verbose stack     at process.listener (C:\Users\user\AppData\Roaming\nvm\v6.9.4\node_modules\npm\node_modules\npmlog\node_modules\gauge\node_modules\signal-exit\index.js:86:15)
12 verbose stack     at emitNone (events.js:91:20)
12 verbose stack     at process.emit (events.js:185:7)
12 verbose stack     at processEmit (C:\Users\user\AppData\Roaming\nvm\v6.9.4\node_modules\npm\node_modules\npmlog\node_modules\gauge\node_modules\signal-exit\index.js:146:32)
12 verbose stack     at processEmit (C:\Users\user\AppData\Roaming\nvm\v6.9.4\node_modules\npm\node_modules\npm-registry-client\node_modules\npmlog\node_modules\gauge\node_modules\signal-exit\index.js:146:32)
12 verbose stack     at Signal.wrap.onsignal (internal/process.js:199:44)
13 verbose cwd c:\Projects\stream
14 error Windows_NT 10.0.14393
15 error argv "C:\\Program Files\\nodejs\\node.exe" "C:\\Program Files\\nodejs\\node_modules\\npm\\bin\\npm-cli.js" "run" "dev"
16 error node v6.9.4
17 error npm  v3.10.10
18 error code ENOSYS
19 error errno ENOSYS
20 error syscall kill
21 error kill ENOSYS
22 error If you need help, you may report this error at:
22 error     <https://github.com/npm/npm/issues>
23 verbose exit [ 1, true ]
